2019-10-08 15:14:59.234  INFO 2744 --- [restartedMain] c.e.s.SoftDevForumApplication            : Starting SoftDevForumApplication on DESKTOP-BL3MQ80 with PID 2744 (D:\Repositories\WEB\soft-dev-forum\target\classes started by HASELT-PC in D:\Repositories\WEB\soft-dev-forum)
2019-10-08 15:14:59.240  INFO 2744 --- [restartedMain] c.e.s.SoftDevForumApplication            : The following profiles are active: local
2019-10-08 15:14:59.377  INFO 2744 --- [restartedMain] .e.DevToolsPropertyDefaultsPostProcessor : Devtools property defaults active! Set 'spring.devtools.add-properties' to 'false' to disable
2019-10-08 15:14:59.378  INFO 2744 --- [restartedMain] .e.DevToolsPropertyDefaultsPostProcessor : For additional web related logging consider setting the 'logging.level.web' property to 'DEBUG'
2019-10-08 15:15:02.594  INFO 2744 --- [restartedMain] .s.d.r.c.RepositoryConfigurationDelegate : Multiple Spring Data modules found, entering strict repository configuration mode!
2019-10-08 15:15:02.604  INFO 2744 --- [restartedMain] .s.d.r.c.RepositoryConfigurationDelegate : Bootstrapping Spring Data repositories in DEFAULT mode.
2019-10-08 15:15:02.702  INFO 2744 --- [restartedMain] .s.d.r.c.RepositoryConfigurationDelegate : Finished Spring Data repository scanning in 31ms. Found 0 repository interfaces.
2019-10-08 15:15:02.715  INFO 2744 --- [restartedMain] .s.d.r.c.RepositoryConfigurationDelegate : Multiple Spring Data modules found, entering strict repository configuration mode!
2019-10-08 15:15:02.716  INFO 2744 --- [restartedMain] .s.d.r.c.RepositoryConfigurationDelegate : Bootstrapping Spring Data repositories in DEFAULT mode.
2019-10-08 15:15:02.723  INFO 2744 --- [restartedMain] .s.d.r.c.RepositoryConfigurationDelegate : Finished Spring Data repository scanning in 3ms. Found 0 repository interfaces.
2019-10-08 15:15:03.613  INFO 2744 --- [restartedMain] trationDelegate$BeanPostProcessorChecker : Bean 'org.springframework.transaction.annotation.ProxyTransactionManagementConfiguration' of type [org.springframework.transaction.annotation.ProxyTransactionManagementConfiguration$$EnhancerBySpringCGLIB$$d9babdd4] is not eligible for getting processed by all BeanPostProcessors (for example: not eligible for auto-proxying)
2019-10-08 15:15:04.590  INFO 2744 --- [restartedMain] o.s.b.w.embedded.tomcat.TomcatWebServer  : Tomcat initialized with port(s): 9000 (http)
2019-10-08 15:15:04.656  INFO 2744 --- [restartedMain] o.apache.catalina.core.StandardService   : Starting service [Tomcat]
2019-10-08 15:15:04.657  INFO 2744 --- [restartedMain] org.apache.catalina.core.StandardEngine  : Starting Servlet engine: [Apache Tomcat/9.0.26]
2019-10-08 15:15:04.889  INFO 2744 --- [restartedMain] o.a.c.c.C.[Tomcat].[localhost].[/]       : Initializing Spring embedded WebApplicationContext
2019-10-08 15:15:04.889  INFO 2744 --- [restartedMain] o.s.web.context.ContextLoader            : Root WebApplicationContext: initialization completed in 5511 ms
2019-10-08 15:15:05.768  INFO 2744 --- [restartedMain] o.f.c.internal.license.VersionPrinter    : Flyway Community Edition 5.2.4 by Boxfuse
2019-10-08 15:15:05.782  INFO 2744 --- [restartedMain] com.zaxxer.hikari.HikariDataSource       : HikariPool-1 - Starting...
2019-10-08 15:15:06.007  INFO 2744 --- [restartedMain] com.zaxxer.hikari.HikariDataSource       : HikariPool-1 - Start completed.
2019-10-08 15:15:06.016  INFO 2744 --- [restartedMain] o.f.c.internal.database.DatabaseFactory  : Database: jdbc:postgresql://localhost:5432/softdevforum (PostgreSQL 11.5)
2019-10-08 15:15:06.088  WARN 2744 --- [restartedMain] o.f.c.internal.database.base.Database    : Flyway upgrade recommended: PostgreSQL 11.5 is newer than this version of Flyway and support has not been tested.
2019-10-08 15:15:06.309  WARN 2744 --- [restartedMain] ConfigServletWebServerApplicationContext : Exception encountered during context initialization - cancelling refresh attempt: org.springframework.beans.factory.BeanCreationException: Error creating bean with name 'flywayInitializer' defined in class path resource [org/springframework/boot/autoconfigure/flyway/FlywayAutoConfiguration$FlywayConfiguration.class]: Invocation of init method failed; nested exception is org.flywaydb.core.api.FlywayException: Wrong migration name format: V1_create_user_post_comment_and_category_tables.sql(It should look like this: V1.2__Description.sql)
2019-10-08 15:15:06.310  INFO 2744 --- [restartedMain] com.zaxxer.hikari.HikariDataSource       : HikariPool-1 - Shutdown initiated...
2019-10-08 15:15:06.319  INFO 2744 --- [restartedMain] com.zaxxer.hikari.HikariDataSource       : HikariPool-1 - Shutdown completed.
2019-10-08 15:15:06.325  INFO 2744 --- [restartedMain] o.apache.catalina.core.StandardService   : Stopping service [Tomcat]
2019-10-08 15:15:06.353  INFO 2744 --- [restartedMain] ConditionEvaluationReportLoggingListener : 

Error starting ApplicationContext. To display the conditions report re-run your application with 'debug' enabled.
2019-10-08 15:15:06.358 ERROR 2744 --- [restartedMain] o.s.boot.SpringApplication               : Application run failed

org.springframework.beans.factory.BeanCreationException: Error creating bean with name 'flywayInitializer' defined in class path resource [org/springframework/boot/autoconfigure/flyway/FlywayAutoConfiguration$FlywayConfiguration.class]: Invocation of init method failed; nested exception is org.flywaydb.core.api.FlywayException: Wrong migration name format: V1_create_user_post_comment_and_category_tables.sql(It should look like this: V1.2__Description.sql)
	at org.springframework.beans.factory.support.AbstractAutowireCapableBeanFactory.initializeBean(AbstractAutowireCapableBeanFactory.java:1778) ~[spring-beans-5.1.10.RELEASE.jar:5.1.10.RELEASE]
	at org.springframework.beans.factory.support.AbstractAutowireCapableBeanFactory.doCreateBean(AbstractAutowireCapableBeanFactory.java:593) ~[spring-beans-5.1.10.RELEASE.jar:5.1.10.RELEASE]
	at org.springframework.beans.factory.support.AbstractAutowireCapableBeanFactory.createBean(AbstractAutowireCapableBeanFactory.java:515) ~[spring-beans-5.1.10.RELEASE.jar:5.1.10.RELEASE]
	at org.springframework.beans.factory.support.AbstractBeanFactory.lambda$doGetBean$0(AbstractBeanFactory.java:320) ~[spring-beans-5.1.10.RELEASE.jar:5.1.10.RELEASE]
	at org.springframework.beans.factory.support.DefaultSingletonBeanRegistry.getSingleton(DefaultSingletonBeanRegistry.java:222) ~[spring-beans-5.1.10.RELEASE.jar:5.1.10.RELEASE]
	at org.springframework.beans.factory.support.AbstractBeanFactory.doGetBean(AbstractBeanFactory.java:318) ~[spring-beans-5.1.10.RELEASE.jar:5.1.10.RELEASE]
	at org.springframework.beans.factory.support.AbstractBeanFactory.getBean(AbstractBeanFactory.java:199) ~[spring-beans-5.1.10.RELEASE.jar:5.1.10.RELEASE]
	at org.springframework.beans.factory.support.AbstractBeanFactory.doGetBean(AbstractBeanFactory.java:307) ~[spring-beans-5.1.10.RELEASE.jar:5.1.10.RELEASE]
	at org.springframework.beans.factory.support.AbstractBeanFactory.getBean(AbstractBeanFactory.java:199) ~[spring-beans-5.1.10.RELEASE.jar:5.1.10.RELEASE]
	at org.springframework.context.support.AbstractApplicationContext.getBean(AbstractApplicationContext.java:1105) ~[spring-context-5.1.10.RELEASE.jar:5.1.10.RELEASE]
	at org.springframework.context.support.AbstractApplicationContext.finishBeanFactoryInitialization(AbstractApplicationContext.java:867) ~[spring-context-5.1.10.RELEASE.jar:5.1.10.RELEASE]
	at org.springframework.context.support.AbstractApplicationContext.refresh(AbstractApplicationContext.java:549) ~[spring-context-5.1.10.RELEASE.jar:5.1.10.RELEASE]
	at org.springframework.boot.web.servlet.context.ServletWebServerApplicationContext.refresh(ServletWebServerApplicationContext.java:141) ~[spring-boot-2.1.9.RELEASE.jar:2.1.9.RELEASE]
	at org.springframework.boot.SpringApplication.refresh(SpringApplication.java:744) ~[spring-boot-2.1.9.RELEASE.jar:2.1.9.RELEASE]
	at org.springframework.boot.SpringApplication.refreshContext(SpringApplication.java:391) ~[spring-boot-2.1.9.RELEASE.jar:2.1.9.RELEASE]
	at org.springframework.boot.SpringApplication.run(SpringApplication.java:312) ~[spring-boot-2.1.9.RELEASE.jar:2.1.9.RELEASE]
	at org.springframework.boot.SpringApplication.run(SpringApplication.java:1215) ~[spring-boot-2.1.9.RELEASE.jar:2.1.9.RELEASE]
	at org.springframework.boot.SpringApplication.run(SpringApplication.java:1204) ~[spring-boot-2.1.9.RELEASE.jar:2.1.9.RELEASE]
	at com.example.softdevforum.SoftDevForumApplication.main(SoftDevForumApplication.java:10) ~[classes/:na]
	at java.base/jdk.internal.reflect.NativeMethodAccessorImpl.invoke0(Native Method) ~[na:na]
	at java.base/jdk.internal.reflect.NativeMethodAccessorImpl.invoke(NativeMethodAccessorImpl.java:62) ~[na:na]
	at java.base/jdk.internal.reflect.DelegatingMethodAccessorImpl.invoke(DelegatingMethodAccessorImpl.java:43) ~[na:na]
	at java.base/java.lang.reflect.Method.invoke(Method.java:566) ~[na:na]
	at org.springframework.boot.devtools.restart.RestartLauncher.run(RestartLauncher.java:49) ~[spring-boot-devtools-2.1.9.RELEASE.jar:2.1.9.RELEASE]
Caused by: org.flywaydb.core.api.FlywayException: Wrong migration name format: V1_create_user_post_comment_and_category_tables.sql(It should look like this: V1.2__Description.sql)
	at org.flywaydb.core.internal.resolver.MigrationInfoHelper.extractVersionAndDescription(MigrationInfoHelper.java:56) ~[flyway-core-5.2.4.jar:na]
	at org.flywaydb.core.internal.resolver.sql.SqlMigrationResolver.addMigrations(SqlMigrationResolver.java:133) ~[flyway-core-5.2.4.jar:na]
	at org.flywaydb.core.internal.resolver.sql.SqlMigrationResolver.resolveMigrations(SqlMigrationResolver.java:100) ~[flyway-core-5.2.4.jar:na]
	at org.flywaydb.core.internal.resolver.sql.SqlMigrationResolver.resolveMigrations(SqlMigrationResolver.java:47) ~[flyway-core-5.2.4.jar:na]
	at org.flywaydb.core.internal.resolver.CompositeMigrationResolver.collectMigrations(CompositeMigrationResolver.java:136) ~[flyway-core-5.2.4.jar:na]
	at org.flywaydb.core.internal.resolver.CompositeMigrationResolver.doFindAvailableMigrations(CompositeMigrationResolver.java:118) ~[flyway-core-5.2.4.jar:na]
	at org.flywaydb.core.internal.resolver.CompositeMigrationResolver.resolveMigrations(CompositeMigrationResolver.java:104) ~[flyway-core-5.2.4.jar:na]
	at org.flywaydb.core.internal.resolver.CompositeMigrationResolver.resolveMigrations(CompositeMigrationResolver.java:46) ~[flyway-core-5.2.4.jar:na]
	at org.flywaydb.core.internal.info.MigrationInfoServiceImpl.refresh(MigrationInfoServiceImpl.java:133) ~[flyway-core-5.2.4.jar:na]
	at org.flywaydb.core.internal.command.DbValidate$2.call(DbValidate.java:138) ~[flyway-core-5.2.4.jar:na]
	at org.flywaydb.core.internal.command.DbValidate$2.call(DbValidate.java:126) ~[flyway-core-5.2.4.jar:na]
	at org.flywaydb.core.internal.jdbc.TransactionTemplate.execute(TransactionTemplate.java:74) ~[flyway-core-5.2.4.jar:na]
	at org.flywaydb.core.internal.command.DbValidate.validate(DbValidate.java:126) ~[flyway-core-5.2.4.jar:na]
	at org.flywaydb.core.Flyway.doValidate(Flyway.java:1476) ~[flyway-core-5.2.4.jar:na]
	at org.flywaydb.core.Flyway.access$100(Flyway.java:85) ~[flyway-core-5.2.4.jar:na]
	at org.flywaydb.core.Flyway$1.execute(Flyway.java:1364) ~[flyway-core-5.2.4.jar:na]
	at org.flywaydb.core.Flyway$1.execute(Flyway.java:1356) ~[flyway-core-5.2.4.jar:na]
	at org.flywaydb.core.Flyway.execute(Flyway.java:1711) ~[flyway-core-5.2.4.jar:na]
	at org.flywaydb.core.Flyway.migrate(Flyway.java:1356) ~[flyway-core-5.2.4.jar:na]
	at org.springframework.boot.autoconfigure.flyway.FlywayMigrationInitializer.afterPropertiesSet(FlywayMigrationInitializer.java:65) ~[spring-boot-autoconfigure-2.1.9.RELEASE.jar:2.1.9.RELEASE]
	at org.springframework.beans.factory.support.AbstractAutowireCapableBeanFactory.invokeInitMethods(AbstractAutowireCapableBeanFactory.java:1837) ~[spring-beans-5.1.10.RELEASE.jar:5.1.10.RELEASE]
	at org.springframework.beans.factory.support.AbstractAutowireCapableBeanFactory.initializeBean(AbstractAutowireCapableBeanFactory.java:1774) ~[spring-beans-5.1.10.RELEASE.jar:5.1.10.RELEASE]
	... 23 common frames omitted

2019-10-08 15:15:50.337  INFO 10620 --- [restartedMain] c.e.s.SoftDevForumApplication            : Starting SoftDevForumApplication on DESKTOP-BL3MQ80 with PID 10620 (D:\Repositories\WEB\soft-dev-forum\target\classes started by HASELT-PC in D:\Repositories\WEB\soft-dev-forum)
2019-10-08 15:15:50.341  INFO 10620 --- [restartedMain] c.e.s.SoftDevForumApplication            : The following profiles are active: local
2019-10-08 15:15:50.451  INFO 10620 --- [restartedMain] .e.DevToolsPropertyDefaultsPostProcessor : Devtools property defaults active! Set 'spring.devtools.add-properties' to 'false' to disable
2019-10-08 15:15:50.452  INFO 10620 --- [restartedMain] .e.DevToolsPropertyDefaultsPostProcessor : For additional web related logging consider setting the 'logging.level.web' property to 'DEBUG'
2019-10-08 15:15:53.637  INFO 10620 --- [restartedMain] .s.d.r.c.RepositoryConfigurationDelegate : Multiple Spring Data modules found, entering strict repository configuration mode!
2019-10-08 15:15:53.639  INFO 10620 --- [restartedMain] .s.d.r.c.RepositoryConfigurationDelegate : Bootstrapping Spring Data repositories in DEFAULT mode.
2019-10-08 15:15:53.669  INFO 10620 --- [restartedMain] .s.d.r.c.RepositoryConfigurationDelegate : Finished Spring Data repository scanning in 22ms. Found 0 repository interfaces.
2019-10-08 15:15:53.686  INFO 10620 --- [restartedMain] .s.d.r.c.RepositoryConfigurationDelegate : Multiple Spring Data modules found, entering strict repository configuration mode!
2019-10-08 15:15:53.689  INFO 10620 --- [restartedMain] .s.d.r.c.RepositoryConfigurationDelegate : Bootstrapping Spring Data repositories in DEFAULT mode.
2019-10-08 15:15:53.700  INFO 10620 --- [restartedMain] .s.d.r.c.RepositoryConfigurationDelegate : Finished Spring Data repository scanning in 6ms. Found 0 repository interfaces.
2019-10-08 15:15:54.826  INFO 10620 --- [restartedMain] trationDelegate$BeanPostProcessorChecker : Bean 'org.springframework.transaction.annotation.ProxyTransactionManagementConfiguration' of type [org.springframework.transaction.annotation.ProxyTransactionManagementConfiguration$$EnhancerBySpringCGLIB$$9f66574d] is not eligible for getting processed by all BeanPostProcessors (for example: not eligible for auto-proxying)
2019-10-08 15:15:55.748  INFO 10620 --- [restartedMain] o.s.b.w.embedded.tomcat.TomcatWebServer  : Tomcat initialized with port(s): 9000 (http)
2019-10-08 15:15:55.801  INFO 10620 --- [restartedMain] o.apache.catalina.core.StandardService   : Starting service [Tomcat]
2019-10-08 15:15:55.802  INFO 10620 --- [restartedMain] org.apache.catalina.core.StandardEngine  : Starting Servlet engine: [Apache Tomcat/9.0.26]
2019-10-08 15:15:56.031  INFO 10620 --- [restartedMain] o.a.c.c.C.[Tomcat].[localhost].[/]       : Initializing Spring embedded WebApplicationContext
2019-10-08 15:15:56.031  INFO 10620 --- [restartedMain] o.s.web.context.ContextLoader            : Root WebApplicationContext: initialization completed in 5579 ms
2019-10-08 15:15:56.880  INFO 10620 --- [restartedMain] o.f.c.internal.license.VersionPrinter    : Flyway Community Edition 5.2.4 by Boxfuse
2019-10-08 15:15:56.891  INFO 10620 --- [restartedMain] com.zaxxer.hikari.HikariDataSource       : HikariPool-1 - Starting...
2019-10-08 15:15:57.067  INFO 10620 --- [restartedMain] com.zaxxer.hikari.HikariDataSource       : HikariPool-1 - Start completed.
2019-10-08 15:15:57.076  INFO 10620 --- [restartedMain] o.f.c.internal.database.DatabaseFactory  : Database: jdbc:postgresql://localhost:5432/softdevforum (PostgreSQL 11.5)
2019-10-08 15:15:57.090  WARN 10620 --- [restartedMain] o.f.c.internal.database.base.Database    : Flyway upgrade recommended: PostgreSQL 11.5 is newer than this version of Flyway and support has not been tested.
2019-10-08 15:15:57.147  WARN 10620 --- [restartedMain] ConfigServletWebServerApplicationContext : Exception encountered during context initialization - cancelling refresh attempt: org.springframework.beans.factory.BeanCreationException: Error creating bean with name 'flywayInitializer' defined in class path resource [org/springframework/boot/autoconfigure/flyway/FlywayAutoConfiguration$FlywayConfiguration.class]: Invocation of init method failed; nested exception is org.flywaydb.core.api.FlywayException: Wrong migration name format: V1_create_user_post_comment_and_category_tables.sql(It should look like this: V1.2__Description.sql)
2019-10-08 15:15:57.148  INFO 10620 --- [restartedMain] com.zaxxer.hikari.HikariDataSource       : HikariPool-1 - Shutdown initiated...
2019-10-08 15:15:57.159  INFO 10620 --- [restartedMain] com.zaxxer.hikari.HikariDataSource       : HikariPool-1 - Shutdown completed.
2019-10-08 15:15:57.170  INFO 10620 --- [restartedMain] o.apache.catalina.core.StandardService   : Stopping service [Tomcat]
2019-10-08 15:15:57.198  INFO 10620 --- [restartedMain] ConditionEvaluationReportLoggingListener : 

Error starting ApplicationContext. To display the conditions report re-run your application with 'debug' enabled.
2019-10-08 15:15:57.214 ERROR 10620 --- [restartedMain] o.s.boot.SpringApplication               : Application run failed

org.springframework.beans.factory.BeanCreationException: Error creating bean with name 'flywayInitializer' defined in class path resource [org/springframework/boot/autoconfigure/flyway/FlywayAutoConfiguration$FlywayConfiguration.class]: Invocation of init method failed; nested exception is org.flywaydb.core.api.FlywayException: Wrong migration name format: V1_create_user_post_comment_and_category_tables.sql(It should look like this: V1.2__Description.sql)
	at org.springframework.beans.factory.support.AbstractAutowireCapableBeanFactory.initializeBean(AbstractAutowireCapableBeanFactory.java:1778) ~[spring-beans-5.1.10.RELEASE.jar:5.1.10.RELEASE]
	at org.springframework.beans.factory.support.AbstractAutowireCapableBeanFactory.doCreateBean(AbstractAutowireCapableBeanFactory.java:593) ~[spring-beans-5.1.10.RELEASE.jar:5.1.10.RELEASE]
	at org.springframework.beans.factory.support.AbstractAutowireCapableBeanFactory.createBean(AbstractAutowireCapableBeanFactory.java:515) ~[spring-beans-5.1.10.RELEASE.jar:5.1.10.RELEASE]
	at org.springframework.beans.factory.support.AbstractBeanFactory.lambda$doGetBean$0(AbstractBeanFactory.java:320) ~[spring-beans-5.1.10.RELEASE.jar:5.1.10.RELEASE]
	at org.springframework.beans.factory.support.DefaultSingletonBeanRegistry.getSingleton(DefaultSingletonBeanRegistry.java:222) ~[spring-beans-5.1.10.RELEASE.jar:5.1.10.RELEASE]
	at org.springframework.beans.factory.support.AbstractBeanFactory.doGetBean(AbstractBeanFactory.java:318) ~[spring-beans-5.1.10.RELEASE.jar:5.1.10.RELEASE]
	at org.springframework.beans.factory.support.AbstractBeanFactory.getBean(AbstractBeanFactory.java:199) ~[spring-beans-5.1.10.RELEASE.jar:5.1.10.RELEASE]
	at org.springframework.beans.factory.support.AbstractBeanFactory.doGetBean(AbstractBeanFactory.java:307) ~[spring-beans-5.1.10.RELEASE.jar:5.1.10.RELEASE]
	at org.springframework.beans.factory.support.AbstractBeanFactory.getBean(AbstractBeanFactory.java:199) ~[spring-beans-5.1.10.RELEASE.jar:5.1.10.RELEASE]
	at org.springframework.context.support.AbstractApplicationContext.getBean(AbstractApplicationContext.java:1105) ~[spring-context-5.1.10.RELEASE.jar:5.1.10.RELEASE]
	at org.springframework.context.support.AbstractApplicationContext.finishBeanFactoryInitialization(AbstractApplicationContext.java:867) ~[spring-context-5.1.10.RELEASE.jar:5.1.10.RELEASE]
	at org.springframework.context.support.AbstractApplicationContext.refresh(AbstractApplicationContext.java:549) ~[spring-context-5.1.10.RELEASE.jar:5.1.10.RELEASE]
	at org.springframework.boot.web.servlet.context.ServletWebServerApplicationContext.refresh(ServletWebServerApplicationContext.java:141) ~[spring-boot-2.1.9.RELEASE.jar:2.1.9.RELEASE]
	at org.springframework.boot.SpringApplication.refresh(SpringApplication.java:744) ~[spring-boot-2.1.9.RELEASE.jar:2.1.9.RELEASE]
	at org.springframework.boot.SpringApplication.refreshContext(SpringApplication.java:391) ~[spring-boot-2.1.9.RELEASE.jar:2.1.9.RELEASE]
	at org.springframework.boot.SpringApplication.run(SpringApplication.java:312) ~[spring-boot-2.1.9.RELEASE.jar:2.1.9.RELEASE]
	at org.springframework.boot.SpringApplication.run(SpringApplication.java:1215) ~[spring-boot-2.1.9.RELEASE.jar:2.1.9.RELEASE]
	at org.springframework.boot.SpringApplication.run(SpringApplication.java:1204) ~[spring-boot-2.1.9.RELEASE.jar:2.1.9.RELEASE]
	at com.example.softdevforum.SoftDevForumApplication.main(SoftDevForumApplication.java:10) ~[classes/:na]
	at java.base/jdk.internal.reflect.NativeMethodAccessorImpl.invoke0(Native Method) ~[na:na]
	at java.base/jdk.internal.reflect.NativeMethodAccessorImpl.invoke(NativeMethodAccessorImpl.java:62) ~[na:na]
	at java.base/jdk.internal.reflect.DelegatingMethodAccessorImpl.invoke(DelegatingMethodAccessorImpl.java:43) ~[na:na]
	at java.base/java.lang.reflect.Method.invoke(Method.java:566) ~[na:na]
	at org.springframework.boot.devtools.restart.RestartLauncher.run(RestartLauncher.java:49) ~[spring-boot-devtools-2.1.9.RELEASE.jar:2.1.9.RELEASE]
Caused by: org.flywaydb.core.api.FlywayException: Wrong migration name format: V1_create_user_post_comment_and_category_tables.sql(It should look like this: V1.2__Description.sql)
	at org.flywaydb.core.internal.resolver.MigrationInfoHelper.extractVersionAndDescription(MigrationInfoHelper.java:56) ~[flyway-core-5.2.4.jar:na]
	at org.flywaydb.core.internal.resolver.sql.SqlMigrationResolver.addMigrations(SqlMigrationResolver.java:133) ~[flyway-core-5.2.4.jar:na]
	at org.flywaydb.core.internal.resolver.sql.SqlMigrationResolver.resolveMigrations(SqlMigrationResolver.java:100) ~[flyway-core-5.2.4.jar:na]
	at org.flywaydb.core.internal.resolver.sql.SqlMigrationResolver.resolveMigrations(SqlMigrationResolver.java:47) ~[flyway-core-5.2.4.jar:na]
	at org.flywaydb.core.internal.resolver.CompositeMigrationResolver.collectMigrations(CompositeMigrationResolver.java:136) ~[flyway-core-5.2.4.jar:na]
	at org.flywaydb.core.internal.resolver.CompositeMigrationResolver.doFindAvailableMigrations(CompositeMigrationResolver.java:118) ~[flyway-core-5.2.4.jar:na]
	at org.flywaydb.core.internal.resolver.CompositeMigrationResolver.resolveMigrations(CompositeMigrationResolver.java:104) ~[flyway-core-5.2.4.jar:na]
	at org.flywaydb.core.internal.resolver.CompositeMigrationResolver.resolveMigrations(CompositeMigrationResolver.java:46) ~[flyway-core-5.2.4.jar:na]
	at org.flywaydb.core.internal.info.MigrationInfoServiceImpl.refresh(MigrationInfoServiceImpl.java:133) ~[flyway-core-5.2.4.jar:na]
	at org.flywaydb.core.internal.command.DbValidate$2.call(DbValidate.java:138) ~[flyway-core-5.2.4.jar:na]
	at org.flywaydb.core.internal.command.DbValidate$2.call(DbValidate.java:126) ~[flyway-core-5.2.4.jar:na]
	at org.flywaydb.core.internal.jdbc.TransactionTemplate.execute(TransactionTemplate.java:74) ~[flyway-core-5.2.4.jar:na]
	at org.flywaydb.core.internal.command.DbValidate.validate(DbValidate.java:126) ~[flyway-core-5.2.4.jar:na]
	at org.flywaydb.core.Flyway.doValidate(Flyway.java:1476) ~[flyway-core-5.2.4.jar:na]
	at org.flywaydb.core.Flyway.access$100(Flyway.java:85) ~[flyway-core-5.2.4.jar:na]
	at org.flywaydb.core.Flyway$1.execute(Flyway.java:1364) ~[flyway-core-5.2.4.jar:na]
	at org.flywaydb.core.Flyway$1.execute(Flyway.java:1356) ~[flyway-core-5.2.4.jar:na]
	at org.flywaydb.core.Flyway.execute(Flyway.java:1711) ~[flyway-core-5.2.4.jar:na]
	at org.flywaydb.core.Flyway.migrate(Flyway.java:1356) ~[flyway-core-5.2.4.jar:na]
	at org.springframework.boot.autoconfigure.flyway.FlywayMigrationInitializer.afterPropertiesSet(FlywayMigrationInitializer.java:65) ~[spring-boot-autoconfigure-2.1.9.RELEASE.jar:2.1.9.RELEASE]
	at org.springframework.beans.factory.support.AbstractAutowireCapableBeanFactory.invokeInitMethods(AbstractAutowireCapableBeanFactory.java:1837) ~[spring-beans-5.1.10.RELEASE.jar:5.1.10.RELEASE]
	at org.springframework.beans.factory.support.AbstractAutowireCapableBeanFactory.initializeBean(AbstractAutowireCapableBeanFactory.java:1774) ~[spring-beans-5.1.10.RELEASE.jar:5.1.10.RELEASE]
	... 23 common frames omitted

2019-10-08 15:17:20.466  INFO 2688 --- [restartedMain] c.e.s.SoftDevForumApplication            : Starting SoftDevForumApplication on DESKTOP-BL3MQ80 with PID 2688 (D:\Repositories\WEB\soft-dev-forum\target\classes started by HASELT-PC in D:\Repositories\WEB\soft-dev-forum)
2019-10-08 15:17:20.471  INFO 2688 --- [restartedMain] c.e.s.SoftDevForumApplication            : The following profiles are active: local
2019-10-08 15:17:20.618  INFO 2688 --- [restartedMain] .e.DevToolsPropertyDefaultsPostProcessor : Devtools property defaults active! Set 'spring.devtools.add-properties' to 'false' to disable
2019-10-08 15:17:20.618  INFO 2688 --- [restartedMain] .e.DevToolsPropertyDefaultsPostProcessor : For additional web related logging consider setting the 'logging.level.web' property to 'DEBUG'
2019-10-08 15:17:23.581  INFO 2688 --- [restartedMain] .s.d.r.c.RepositoryConfigurationDelegate : Multiple Spring Data modules found, entering strict repository configuration mode!
2019-10-08 15:17:23.584  INFO 2688 --- [restartedMain] .s.d.r.c.RepositoryConfigurationDelegate : Bootstrapping Spring Data repositories in DEFAULT mode.
2019-10-08 15:17:23.609  INFO 2688 --- [restartedMain] .s.d.r.c.RepositoryConfigurationDelegate : Finished Spring Data repository scanning in 17ms. Found 0 repository interfaces.
2019-10-08 15:17:23.625  INFO 2688 --- [restartedMain] .s.d.r.c.RepositoryConfigurationDelegate : Multiple Spring Data modules found, entering strict repository configuration mode!
2019-10-08 15:17:23.626  INFO 2688 --- [restartedMain] .s.d.r.c.RepositoryConfigurationDelegate : Bootstrapping Spring Data repositories in DEFAULT mode.
2019-10-08 15:17:23.637  INFO 2688 --- [restartedMain] .s.d.r.c.RepositoryConfigurationDelegate : Finished Spring Data repository scanning in 3ms. Found 0 repository interfaces.
2019-10-08 15:17:24.523  INFO 2688 --- [restartedMain] trationDelegate$BeanPostProcessorChecker : Bean 'org.springframework.transaction.annotation.ProxyTransactionManagementConfiguration' of type [org.springframework.transaction.annotation.ProxyTransactionManagementConfiguration$$EnhancerBySpringCGLIB$$df19192] is not eligible for getting processed by all BeanPostProcessors (for example: not eligible for auto-proxying)
2019-10-08 15:17:25.398  INFO 2688 --- [restartedMain] o.s.b.w.embedded.tomcat.TomcatWebServer  : Tomcat initialized with port(s): 9000 (http)
2019-10-08 15:17:25.452  INFO 2688 --- [restartedMain] o.apache.catalina.core.StandardService   : Starting service [Tomcat]
2019-10-08 15:17:25.453  INFO 2688 --- [restartedMain] org.apache.catalina.core.StandardEngine  : Starting Servlet engine: [Apache Tomcat/9.0.26]
2019-10-08 15:17:25.693  INFO 2688 --- [restartedMain] o.a.c.c.C.[Tomcat].[localhost].[/]       : Initializing Spring embedded WebApplicationContext
2019-10-08 15:17:25.693  INFO 2688 --- [restartedMain] o.s.web.context.ContextLoader            : Root WebApplicationContext: initialization completed in 5075 ms
2019-10-08 15:17:26.512  INFO 2688 --- [restartedMain] o.f.c.internal.license.VersionPrinter    : Flyway Community Edition 5.2.4 by Boxfuse
2019-10-08 15:17:26.524  INFO 2688 --- [restartedMain] com.zaxxer.hikari.HikariDataSource       : HikariPool-1 - Starting...
2019-10-08 15:17:26.683  INFO 2688 --- [restartedMain] com.zaxxer.hikari.HikariDataSource       : HikariPool-1 - Start completed.
2019-10-08 15:17:26.691  INFO 2688 --- [restartedMain] o.f.c.internal.database.DatabaseFactory  : Database: jdbc:postgresql://localhost:5432/softdevforum (PostgreSQL 11.5)
2019-10-08 15:17:26.701  WARN 2688 --- [restartedMain] o.f.c.internal.database.base.Database    : Flyway upgrade recommended: PostgreSQL 11.5 is newer than this version of Flyway and support has not been tested.
2019-10-08 15:17:26.769  INFO 2688 --- [restartedMain] o.f.core.internal.command.DbValidate     : Successfully validated 1 migration (execution time 00:00.031s)
2019-10-08 15:17:26.874  INFO 2688 --- [restartedMain] o.f.c.i.s.JdbcTableSchemaHistory         : Creating Schema History table: "public"."flyway_schema_history"
2019-10-08 15:17:27.308  INFO 2688 --- [restartedMain] o.f.core.internal.command.DbMigrate      : Current version of schema "public": << Empty Schema >>
2019-10-08 15:17:27.309  INFO 2688 --- [restartedMain] o.f.core.internal.command.DbMigrate      : Migrating schema "public" to version 1 - create user post comment and category tables
2019-10-08 15:17:27.362 ERROR 2688 --- [restartedMain] o.f.core.internal.command.DbMigrate      : Migration of schema "public" to version 1 - create user post comment and category tables failed! Changes successfully rolled back.
2019-10-08 15:17:27.365  WARN 2688 --- [restartedMain] ConfigServletWebServerApplicationContext : Exception encountered during context initialization - cancelling refresh attempt: org.springframework.beans.factory.BeanCreationException: Error creating bean with name 'flywayInitializer' defined in class path resource [org/springframework/boot/autoconfigure/flyway/FlywayAutoConfiguration$FlywayConfiguration.class]: Invocation of init method failed; nested exception is org.flywaydb.core.internal.command.DbMigrate$FlywayMigrateException: 
Migration V1__create_user_post_comment_and_category_tables.sql failed
---------------------------------------------------------------------
SQL State  : 42601
Error Code : 0
Message    : ERROR: syntax error at or near ")"
  Position: 462
Location   : db/migration/V1__create_user_post_comment_and_category_tables.sql (D:\Repositories\WEB\soft-dev-forum\target\classes\db\migration\V1__create_user_post_comment_and_category_tables.sql)
Line       : 16
Statement  : CREATE TABLE posts (
id bigserial not null,
title character varying(100) NOT NULL,
content character varying(30000) NOT NULL,
created_at TIMESTAMP WITH TIME ZONE not null,
CONSTRAINT post_pkey PRIMARY KEY (id),
CONSTRAINT fk_post_users
FOREIGN KEY (user_id)
REFERENCES users (id)
ON UPDATE NO ACTION
ON DELETE NO ACTION,
CONSTRAINT fk_post_categories
FOREIGN KEY (category_id)
REFERENCES categories (id)
ON UPDATE NO ACTION
ON DELETE NO ACTION,
)

2019-10-08 15:17:27.366  INFO 2688 --- [restartedMain] com.zaxxer.hikari.HikariDataSource       : HikariPool-1 - Shutdown initiated...
2019-10-08 15:17:27.401  INFO 2688 --- [restartedMain] com.zaxxer.hikari.HikariDataSource       : HikariPool-1 - Shutdown completed.
2019-10-08 15:17:27.421  INFO 2688 --- [restartedMain] o.apache.catalina.core.StandardService   : Stopping service [Tomcat]
2019-10-08 15:17:27.466  INFO 2688 --- [restartedMain] ConditionEvaluationReportLoggingListener : 

Error starting ApplicationContext. To display the conditions report re-run your application with 'debug' enabled.
2019-10-08 15:17:27.480 ERROR 2688 --- [restartedMain] o.s.boot.SpringApplication               : Application run failed

org.springframework.beans.factory.BeanCreationException: Error creating bean with name 'flywayInitializer' defined in class path resource [org/springframework/boot/autoconfigure/flyway/FlywayAutoConfiguration$FlywayConfiguration.class]: Invocation of init method failed; nested exception is org.flywaydb.core.internal.command.DbMigrate$FlywayMigrateException: 
Migration V1__create_user_post_comment_and_category_tables.sql failed
---------------------------------------------------------------------
SQL State  : 42601
Error Code : 0
Message    : ERROR: syntax error at or near ")"
  Position: 462
Location   : db/migration/V1__create_user_post_comment_and_category_tables.sql (D:\Repositories\WEB\soft-dev-forum\target\classes\db\migration\V1__create_user_post_comment_and_category_tables.sql)
Line       : 16
Statement  : CREATE TABLE posts (
id bigserial not null,
title character varying(100) NOT NULL,
content character varying(30000) NOT NULL,
created_at TIMESTAMP WITH TIME ZONE not null,
CONSTRAINT post_pkey PRIMARY KEY (id),
CONSTRAINT fk_post_users
FOREIGN KEY (user_id)
REFERENCES users (id)
ON UPDATE NO ACTION
ON DELETE NO ACTION,
CONSTRAINT fk_post_categories
FOREIGN KEY (category_id)
REFERENCES categories (id)
ON UPDATE NO ACTION
ON DELETE NO ACTION,
)

	at org.springframework.beans.factory.support.AbstractAutowireCapableBeanFactory.initializeBean(AbstractAutowireCapableBeanFactory.java:1778) ~[spring-beans-5.1.10.RELEASE.jar:5.1.10.RELEASE]
	at org.springframework.beans.factory.support.AbstractAutowireCapableBeanFactory.doCreateBean(AbstractAutowireCapableBeanFactory.java:593) ~[spring-beans-5.1.10.RELEASE.jar:5.1.10.RELEASE]
	at org.springframework.beans.factory.support.AbstractAutowireCapableBeanFactory.createBean(AbstractAutowireCapableBeanFactory.java:515) ~[spring-beans-5.1.10.RELEASE.jar:5.1.10.RELEASE]
	at org.springframework.beans.factory.support.AbstractBeanFactory.lambda$doGetBean$0(AbstractBeanFactory.java:320) ~[spring-beans-5.1.10.RELEASE.jar:5.1.10.RELEASE]
	at org.springframework.beans.factory.support.DefaultSingletonBeanRegistry.getSingleton(DefaultSingletonBeanRegistry.java:222) ~[spring-beans-5.1.10.RELEASE.jar:5.1.10.RELEASE]
	at org.springframework.beans.factory.support.AbstractBeanFactory.doGetBean(AbstractBeanFactory.java:318) ~[spring-beans-5.1.10.RELEASE.jar:5.1.10.RELEASE]
	at org.springframework.beans.factory.support.AbstractBeanFactory.getBean(AbstractBeanFactory.java:199) ~[spring-beans-5.1.10.RELEASE.jar:5.1.10.RELEASE]
	at org.springframework.beans.factory.support.AbstractBeanFactory.doGetBean(AbstractBeanFactory.java:307) ~[spring-beans-5.1.10.RELEASE.jar:5.1.10.RELEASE]
	at org.springframework.beans.factory.support.AbstractBeanFactory.getBean(AbstractBeanFactory.java:199) ~[spring-beans-5.1.10.RELEASE.jar:5.1.10.RELEASE]
	at org.springframework.context.support.AbstractApplicationContext.getBean(AbstractApplicationContext.java:1105) ~[spring-context-5.1.10.RELEASE.jar:5.1.10.RELEASE]
	at org.springframework.context.support.AbstractApplicationContext.finishBeanFactoryInitialization(AbstractApplicationContext.java:867) ~[spring-context-5.1.10.RELEASE.jar:5.1.10.RELEASE]
	at org.springframework.context.support.AbstractApplicationContext.refresh(AbstractApplicationContext.java:549) ~[spring-context-5.1.10.RELEASE.jar:5.1.10.RELEASE]
	at org.springframework.boot.web.servlet.context.ServletWebServerApplicationContext.refresh(ServletWebServerApplicationContext.java:141) ~[spring-boot-2.1.9.RELEASE.jar:2.1.9.RELEASE]
	at org.springframework.boot.SpringApplication.refresh(SpringApplication.java:744) ~[spring-boot-2.1.9.RELEASE.jar:2.1.9.RELEASE]
	at org.springframework.boot.SpringApplication.refreshContext(SpringApplication.java:391) ~[spring-boot-2.1.9.RELEASE.jar:2.1.9.RELEASE]
	at org.springframework.boot.SpringApplication.run(SpringApplication.java:312) ~[spring-boot-2.1.9.RELEASE.jar:2.1.9.RELEASE]
	at org.springframework.boot.SpringApplication.run(SpringApplication.java:1215) ~[spring-boot-2.1.9.RELEASE.jar:2.1.9.RELEASE]
	at org.springframework.boot.SpringApplication.run(SpringApplication.java:1204) ~[spring-boot-2.1.9.RELEASE.jar:2.1.9.RELEASE]
	at com.example.softdevforum.SoftDevForumApplication.main(SoftDevForumApplication.java:10) ~[classes/:na]
	at java.base/jdk.internal.reflect.NativeMethodAccessorImpl.invoke0(Native Method) ~[na:na]
	at java.base/jdk.internal.reflect.NativeMethodAccessorImpl.invoke(NativeMethodAccessorImpl.java:62) ~[na:na]
	at java.base/jdk.internal.reflect.DelegatingMethodAccessorImpl.invoke(DelegatingMethodAccessorImpl.java:43) ~[na:na]
	at java.base/java.lang.reflect.Method.invoke(Method.java:566) ~[na:na]
	at org.springframework.boot.devtools.restart.RestartLauncher.run(RestartLauncher.java:49) ~[spring-boot-devtools-2.1.9.RELEASE.jar:2.1.9.RELEASE]
Caused by: org.flywaydb.core.internal.command.DbMigrate$FlywayMigrateException: 
Migration V1__create_user_post_comment_and_category_tables.sql failed
---------------------------------------------------------------------
SQL State  : 42601
Error Code : 0
Message    : ERROR: syntax error at or near ")"
  Position: 462
Location   : db/migration/V1__create_user_post_comment_and_category_tables.sql (D:\Repositories\WEB\soft-dev-forum\target\classes\db\migration\V1__create_user_post_comment_and_category_tables.sql)
Line       : 16
Statement  : CREATE TABLE posts (
id bigserial not null,
title character varying(100) NOT NULL,
content character varying(30000) NOT NULL,
created_at TIMESTAMP WITH TIME ZONE not null,
CONSTRAINT post_pkey PRIMARY KEY (id),
CONSTRAINT fk_post_users
FOREIGN KEY (user_id)
REFERENCES users (id)
ON UPDATE NO ACTION
ON DELETE NO ACTION,
CONSTRAINT fk_post_categories
FOREIGN KEY (category_id)
REFERENCES categories (id)
ON UPDATE NO ACTION
ON DELETE NO ACTION,
)

	at org.flywaydb.core.internal.command.DbMigrate.doMigrateGroup(DbMigrate.java:370) ~[flyway-core-5.2.4.jar:na]
	at org.flywaydb.core.internal.command.DbMigrate.access$200(DbMigrate.java:54) ~[flyway-core-5.2.4.jar:na]
	at org.flywaydb.core.internal.command.DbMigrate$3.call(DbMigrate.java:284) ~[flyway-core-5.2.4.jar:na]
	at org.flywaydb.core.internal.jdbc.TransactionTemplate.execute(TransactionTemplate.java:74) ~[flyway-core-5.2.4.jar:na]
	at org.flywaydb.core.internal.command.DbMigrate.applyMigrations(DbMigrate.java:281) ~[flyway-core-5.2.4.jar:na]
	at org.flywaydb.core.internal.command.DbMigrate.migrateGroup(DbMigrate.java:246) ~[flyway-core-5.2.4.jar:na]
	at org.flywaydb.core.internal.command.DbMigrate.access$100(DbMigrate.java:54) ~[flyway-core-5.2.4.jar:na]
	at org.flywaydb.core.internal.command.DbMigrate$2.call(DbMigrate.java:164) ~[flyway-core-5.2.4.jar:na]
	at org.flywaydb.core.internal.command.DbMigrate$2.call(DbMigrate.java:161) ~[flyway-core-5.2.4.jar:na]
	at org.flywaydb.core.internal.database.postgresql.PostgreSQLAdvisoryLockTemplate.execute(PostgreSQLAdvisoryLockTemplate.java:71) ~[flyway-core-5.2.4.jar:na]
	at org.flywaydb.core.internal.database.postgresql.PostgreSQLConnection.lock(PostgreSQLConnection.java:104) ~[flyway-core-5.2.4.jar:na]
	at org.flywaydb.core.internal.schemahistory.JdbcTableSchemaHistory.lock(JdbcTableSchemaHistory.java:155) ~[flyway-core-5.2.4.jar:na]
	at org.flywaydb.core.internal.command.DbMigrate.migrateAll(DbMigrate.java:161) ~[flyway-core-5.2.4.jar:na]
	at org.flywaydb.core.internal.command.DbMigrate.migrate(DbMigrate.java:139) ~[flyway-core-5.2.4.jar:na]
	at org.flywaydb.core.Flyway$1.execute(Flyway.java:1395) ~[flyway-core-5.2.4.jar:na]
	at org.flywaydb.core.Flyway$1.execute(Flyway.java:1356) ~[flyway-core-5.2.4.jar:na]
	at org.flywaydb.core.Flyway.execute(Flyway.java:1711) ~[flyway-core-5.2.4.jar:na]
	at org.flywaydb.core.Flyway.migrate(Flyway.java:1356) ~[flyway-core-5.2.4.jar:na]
	at org.springframework.boot.autoconfigure.flyway.FlywayMigrationInitializer.afterPropertiesSet(FlywayMigrationInitializer.java:65) ~[spring-boot-autoconfigure-2.1.9.RELEASE.jar:2.1.9.RELEASE]
	at org.springframework.beans.factory.support.AbstractAutowireCapableBeanFactory.invokeInitMethods(AbstractAutowireCapableBeanFactory.java:1837) ~[spring-beans-5.1.10.RELEASE.jar:5.1.10.RELEASE]
	at org.springframework.beans.factory.support.AbstractAutowireCapableBeanFactory.initializeBean(AbstractAutowireCapableBeanFactory.java:1774) ~[spring-beans-5.1.10.RELEASE.jar:5.1.10.RELEASE]
	... 23 common frames omitted
Caused by: org.flywaydb.core.internal.sqlscript.FlywaySqlScriptException: 
Migration V1__create_user_post_comment_and_category_tables.sql failed
---------------------------------------------------------------------
SQL State  : 42601
Error Code : 0
Message    : ERROR: syntax error at or near ")"
  Position: 462
Location   : db/migration/V1__create_user_post_comment_and_category_tables.sql (D:\Repositories\WEB\soft-dev-forum\target\classes\db\migration\V1__create_user_post_comment_and_category_tables.sql)
Line       : 16
Statement  : CREATE TABLE posts (
id bigserial not null,
title character varying(100) NOT NULL,
content character varying(30000) NOT NULL,
created_at TIMESTAMP WITH TIME ZONE not null,
CONSTRAINT post_pkey PRIMARY KEY (id),
CONSTRAINT fk_post_users
FOREIGN KEY (user_id)
REFERENCES users (id)
ON UPDATE NO ACTION
ON DELETE NO ACTION,
CONSTRAINT fk_post_categories
FOREIGN KEY (category_id)
REFERENCES categories (id)
ON UPDATE NO ACTION
ON DELETE NO ACTION,
)

	at org.flywaydb.core.internal.sqlscript.DefaultSqlScriptExecutor.handleException(DefaultSqlScriptExecutor.java:253) ~[flyway-core-5.2.4.jar:na]
	at org.flywaydb.core.internal.sqlscript.DefaultSqlScriptExecutor.executeStatement(DefaultSqlScriptExecutor.java:202) ~[flyway-core-5.2.4.jar:na]
	at org.flywaydb.core.internal.sqlscript.DefaultSqlScriptExecutor.execute(DefaultSqlScriptExecutor.java:125) ~[flyway-core-5.2.4.jar:na]
	at org.flywaydb.core.internal.resolver.sql.SqlMigrationExecutor.execute(SqlMigrationExecutor.java:77) ~[flyway-core-5.2.4.jar:na]
	at org.flywaydb.core.internal.command.DbMigrate.doMigrateGroup(DbMigrate.java:367) ~[flyway-core-5.2.4.jar:na]
	... 43 common frames omitted
Caused by: org.postgresql.util.PSQLException: ERROR: syntax error at or near ")"
  Position: 462
	at org.postgresql.core.v3.QueryExecutorImpl.receiveErrorResponse(QueryExecutorImpl.java:2497) ~[postgresql-42.2.8.jar:42.2.8]
	at org.postgresql.core.v3.QueryExecutorImpl.processResults(QueryExecutorImpl.java:2233) ~[postgresql-42.2.8.jar:42.2.8]
	at org.postgresql.core.v3.QueryExecutorImpl.execute(QueryExecutorImpl.java:310) ~[postgresql-42.2.8.jar:42.2.8]
	at org.postgresql.jdbc.PgStatement.executeInternal(PgStatement.java:446) ~[postgresql-42.2.8.jar:42.2.8]
	at org.postgresql.jdbc.PgStatement.execute(PgStatement.java:370) ~[postgresql-42.2.8.jar:42.2.8]
	at org.postgresql.jdbc.PgStatement.executeWithFlags(PgStatement.java:311) ~[postgresql-42.2.8.jar:42.2.8]
	at org.postgresql.jdbc.PgStatement.executeCachedSql(PgStatement.java:297) ~[postgresql-42.2.8.jar:42.2.8]
	at org.postgresql.jdbc.PgStatement.executeWithFlags(PgStatement.java:274) ~[postgresql-42.2.8.jar:42.2.8]
	at org.postgresql.jdbc.PgStatement.execute(PgStatement.java:269) ~[postgresql-42.2.8.jar:42.2.8]
	at com.zaxxer.hikari.pool.ProxyStatement.execute(ProxyStatement.java:95) ~[HikariCP-3.2.0.jar:na]
	at com.zaxxer.hikari.pool.HikariProxyStatement.execute(HikariProxyStatement.java) ~[HikariCP-3.2.0.jar:na]
	at org.flywaydb.core.internal.jdbc.JdbcTemplate.executeStatement(JdbcTemplate.java:235) ~[flyway-core-5.2.4.jar:na]
	at org.flywaydb.core.internal.sqlscript.StandardSqlStatement.execute(StandardSqlStatement.java:42) ~[flyway-core-5.2.4.jar:na]
	at org.flywaydb.core.internal.sqlscript.DefaultSqlScriptExecutor.executeStatement(DefaultSqlScriptExecutor.java:189) ~[flyway-core-5.2.4.jar:na]
	... 46 common frames omitted

